Using pre-set license
Built from '2022.3/staging' branch; Version is '2022.3.9f1 (ea401c316338) revision 15351836'; Using compiler version '192829333'; Build Type 'Release'
OS: 'Windows 11  (10.0.22000) 64bit CoreSingleLanguage' Language: 'en' Physical Memory: 16088 MB
BatchMode: 1, IsHumanControllingUs: 0, StartBugReporterOnCrash: 0, Is64bit: 1, IsPro: 1

COMMAND LINE ARGUMENTS:
C:\Program Files\Unity\Hub\Editor\2022.3.9f1\Editor\Unity.exe
-adb2
-batchMode
-noUpm
-name
AssetImportWorker10
-projectPath
C:/Users/ogane/OneDrive/Documents/GitHub/FlappyCopter
-logFile
Logs/AssetImportWorker10.log
-srvPort
61291
Successfully changed project path to: C:/Users/ogane/OneDrive/Documents/GitHub/FlappyCopter
C:/Users/ogane/OneDrive/Documents/GitHub/FlappyCopter
[UnityMemory] Configuration Parameters - Can be set up in boot.config
    "memorysetup-bucket-allocator-granularity=16"
    "memorysetup-bucket-allocator-bucket-count=8"
    "memorysetup-bucket-allocator-block-size=33554432"
    "memorysetup-bucket-allocator-block-count=8"
    "memorysetup-main-allocator-block-size=16777216"
    "memorysetup-thread-allocator-block-size=16777216"
    "memorysetup-gfx-main-allocator-block-size=16777216"
    "memorysetup-gfx-thread-allocator-block-size=16777216"
    "memorysetup-cache-allocator-block-size=4194304"
    "memorysetup-typetree-allocator-block-size=2097152"
    "memorysetup-profiler-bucket-allocator-granularity=16"
    "memorysetup-profiler-bucket-allocator-bucket-count=8"
    "memorysetup-profiler-bucket-allocator-block-size=33554432"
    "memorysetup-profiler-bucket-allocator-block-count=8"
    "memorysetup-profiler-allocator-block-size=16777216"
    "memorysetup-profiler-editor-allocator-block-size=1048576"
    "memorysetup-temp-allocator-size-main=16777216"
    "memorysetup-job-temp-allocator-block-size=2097152"
    "memorysetup-job-temp-allocator-block-size-background=1048576"
    "memorysetup-job-temp-allocator-reduction-small-platforms=262144"
    "memorysetup-allocator-temp-initial-block-size-main=262144"
    "memorysetup-allocator-temp-initial-block-size-worker=262144"
    "memorysetup-temp-allocator-size-background-worker=32768"
    "memorysetup-temp-allocator-size-job-worker=262144"
    "memorysetup-temp-allocator-size-preload-manager=33554432"
    "memorysetup-temp-allocator-size-nav-mesh-worker=65536"
    "memorysetup-temp-allocator-size-audio-worker=65536"
    "memorysetup-temp-allocator-size-cloud-worker=32768"
    "memorysetup-temp-allocator-size-gi-baking-worker=262144"
    "memorysetup-temp-allocator-size-gfx=262144"
Player connection [35644] Host "[IP] 192.168.18.77 [Port] 0 [Flags] 2 [Guid] 2741457939 [EditorId] 2741457939 [Version] 1048832 [Id] WindowsEditor(7,MSI) [Debug] 1 [PackageName] WindowsEditor [ProjectName] Editor" joined multi-casting on [225.0.0.222:54997]...

Player connection [35644] Host "[IP] 192.168.18.77 [Port] 0 [Flags] 2 [Guid] 2741457939 [EditorId] 2741457939 [Version] 1048832 [Id] WindowsEditor(7,MSI) [Debug] 1 [PackageName] WindowsEditor [ProjectName] Editor" joined alternative multi-casting on [225.0.0.222:34997]...

[Physics::Module] Initialized MultithreadedJobDispatcher with 19 workers.
Refreshing native plugins compatible for Editor in 7.93 ms, found 3 plugins.
Preloading 0 native plugins for Editor in 0.00 ms.
Initialize engine version: 2022.3.9f1 (ea401c316338)
[Subsystems] Discovering subsystems at path C:/Program Files/Unity/Hub/Editor/2022.3.9f1/Editor/Data/Resources/UnitySubsystems
[Subsystems] Discovering subsystems at path C:/Users/ogane/OneDrive/Documents/GitHub/FlappyCopter/Assets
GfxDevice: creating device client; threaded=0; jobified=0
Direct3D:
    Version:  Direct3D 11.0 [level 11.1]
    Renderer: NVIDIA GeForce RTX 3080 Ti Laptop GPU (ID=0x2420)
    Vendor:   NVIDIA
    VRAM:     16189 MB
    Driver:   31.0.15.3734
Initialize mono
Mono path[0] = 'C:/Program Files/Unity/Hub/Editor/2022.3.9f1/Editor/Data/Managed'
Mono path[1] = 'C:/Program Files/Unity/Hub/Editor/2022.3.9f1/Editor/Data/MonoBleedingEdge/lib/mono/unityjit-win32'
Mono config path = 'C:/Program Files/Unity/Hub/Editor/2022.3.9f1/Editor/Data/MonoBleedingEdge/etc'
Using monoOptions --debugger-agent=transport=dt_socket,embedding=1,server=y,suspend=n,address=127.0.0.1:56512
Begin MonoManager ReloadAssembly
Registering precompiled unity dll's ...
Register platform support module: C:/Program Files/Unity/Hub/Editor/2022.3.9f1/Editor/Data/PlaybackEngines/WebGLSupport/UnityEditor.WebGL.Extensions.dll
Register platform support module: C:/Program Files/Unity/Hub/Editor/2022.3.9f1/Editor/Data/PlaybackEngines/AndroidPlayer/UnityEditor.Android.Extensions.dll
Register platform support module: C:/Program Files/Unity/Hub/Editor/2022.3.9f1/Editor/Data/PlaybackEngines/WindowsStandaloneSupport/UnityEditor.WindowsStandalone.Extensions.dll
Registered in 0.004411 seconds.
- Loaded All Assemblies, in  0.225 seconds
Native extension for WindowsStandalone target not found
Native extension for Android target not found
Android Extension - Scanning For ADB Devices 174 ms
Native extension for WebGL target not found
Mono: successfully reloaded assembly
- Finished resetting the current domain, in  0.394 seconds
Domain Reload Profiling: 619ms
	BeginReloadAssembly (65ms)
		ExecutionOrderSort (0ms)
		DisableScriptedObjects (0ms)
		BackupInstance (0ms)
		ReleaseScriptingObjects (0ms)
		CreateAndSetChildDomain (0ms)
	RebuildCommonClasses (21ms)
	RebuildNativeTypeToScriptingClass (7ms)
	initialDomainReloadingComplete (37ms)
	LoadAllAssembliesAndSetupDomain (94ms)
		LoadAssemblies (65ms)
		RebuildTransferFunctionScriptingTraits (0ms)
		AnalyzeDomain (92ms)
			TypeCache.Refresh (91ms)
				TypeCache.ScanAssembly (82ms)
			ScanForSourceGeneratedMonoScriptInfo (0ms)
			ResolveRequiredComponents (0ms)
	FinalizeReload (395ms)
		ReleaseScriptCaches (0ms)
		RebuildScriptCaches (0ms)
		SetupLoadedEditorAssemblies (353ms)
			LogAssemblyErrors (0ms)
			InitializePlatformSupportModulesInManaged (251ms)
			SetLoadedEditorAssemblies (3ms)
			RefreshPlugins (0ms)
			BeforeProcessingInitializeOnLoad (1ms)
			ProcessInitializeOnLoadAttributes (66ms)
			ProcessInitializeOnLoadMethodAttributes (32ms)
			AfterProcessingInitializeOnLoad (0ms)
			EditorAssembliesLoaded (0ms)
		ExecutionOrderSort2 (0ms)
		AwakeInstancesAfterBackupRestoration (0ms)
========================================================================
Worker process is ready to serve import requests
Begin MonoManager ReloadAssembly
- Loaded All Assemblies, in  0.416 seconds
Refreshing native plugins compatible for Editor in 1.66 ms, found 3 plugins.
Native extension for WindowsStandalone target not found
Native extension for Android target not found
Native extension for WebGL target not found
Package Manager log level set to [2]
[Package Manager] Server::EnsureServerProcessIsRunning -- launch failed, reason: Unity was launched with the -noUpm command-line argument
[Package Manager] UpmClient::Send -- Unable to send message (not connected to UPM process).
[Package Manager] Cannot connect to Unity Package Manager local server
Mono: successfully reloaded assembly
- Finished resetting the current domain, in  0.412 seconds
Domain Reload Profiling: 827ms
	BeginReloadAssembly (98ms)
		ExecutionOrderSort (0ms)
		DisableScriptedObjects (3ms)
		BackupInstance (0ms)
		ReleaseScriptingObjects (0ms)
		CreateAndSetChildDomain (14ms)
	RebuildCommonClasses (22ms)
	RebuildNativeTypeToScriptingClass (7ms)
	initialDomainReloadingComplete (28ms)
	LoadAllAssembliesAndSetupDomain (258ms)
		LoadAssemblies (193ms)
		RebuildTransferFunctionScriptingTraits (0ms)
		AnalyzeDomain (122ms)
			TypeCache.Refresh (108ms)
				TypeCache.ScanAssembly (96ms)
			ScanForSourceGeneratedMonoScriptInfo (10ms)
			ResolveRequiredComponents (3ms)
	FinalizeReload (413ms)
		ReleaseScriptCaches (0ms)
		RebuildScriptCaches (0ms)
		SetupLoadedEditorAssemblies (305ms)
			LogAssemblyErrors (0ms)
			InitializePlatformSupportModulesInManaged (17ms)
			SetLoadedEditorAssemblies (3ms)
			RefreshPlugins (0ms)
			BeforeProcessingInitializeOnLoad (48ms)
			ProcessInitializeOnLoadAttributes (221ms)
			ProcessInitializeOnLoadMethodAttributes (13ms)
			AfterProcessingInitializeOnLoad (3ms)
			EditorAssembliesLoaded (0ms)
		ExecutionOrderSort2 (0ms)
		AwakeInstancesAfterBackupRestoration (4ms)
Launched and connected shader compiler UnityShaderCompiler.exe after 0.03 seconds
Refreshing native plugins compatible for Editor in 2.17 ms, found 3 plugins.
Preloading 0 native plugins for Editor in 0.00 ms.
Unloading 3164 Unused Serialized files (Serialized files now loaded: 0)
Unloading 33 unused Assets / (56.6 KB). Loaded Objects now: 3637.
Memory consumption went from 127.3 MB to 127.3 MB.
Total: 2.422500 ms (FindLiveObjects: 0.172900 ms CreateObjectMapping: 0.075500 ms MarkObjects: 2.089400 ms  DeleteObjects: 0.084000 ms)

AssetImportParameters requested are different than current active one (requested -> active):
  custom:container-demuxer-ogg: 62fdf1f143b41e24485cea50d1cbac27 -> 
  custom:video-decoder-ogg-theora: a1e56fd34408186e4bbccfd4996cb3dc -> 
  custom:framework-win-MediaFoundation: 216162199b28c13a410421893ffa2e32 -> 
  custom:CustomObjectIndexerAttribute: 756ad292c208cfabdd7b50bc23989ffe -> 
  custom:container-demuxer-webm: 4f35f7cbe854078d1ac9338744f61a02 -> 
  custom:container-muxer-webm: aa71ff27fc2769a1b78a27578f13a17b -> 
  custom:video-decoder-webm-vp8: 9c59270c3fd7afecdb556c50c9e8de78 -> 
  custom:SearchIndexIgnoredProperties: e643bd26f0fe6173181afceb89e7c659 -> 
  custom:AudioImporter_EditorPlatform: d09bf68614088b80899f8185d706f6e7 -> 
  custom:video-encoder-webm-vp8: eb34c28f22e8b96e1ab97ce403110664 -> 
  custom:audio-decoder-ogg-vorbis: bf7c407c2cedff20999df2af8eb42d56 -> 
  custom:audio-encoder-webm-vorbis: bf7c407c2cedff20999df2af8eb42d56 -> 
========================================================================
Received Import Request.
  Time since last request: 159307.456406 seconds.
  path: Assets/_Heathen Engineering/Assets/UX/Icons/Flat Icons [Free]/Free Flat Border Double 3-1pt Icon.png
  artifactKey: Guid(a7a29f624782e684fa9767fcc0f313f5) Importer(815301076,1909f56bfc062723c751e8b465ee728b)
Start importing Assets/_Heathen Engineering/Assets/UX/Icons/Flat Icons [Free]/Free Flat Border Double 3-1pt Icon.png using Guid(a7a29f624782e684fa9767fcc0f313f5) Importer(815301076,1909f56bfc062723c751e8b465ee728b)  -> (artifact id: '2effb594c599fd85edb2d075aa047052') in 0.071180 seconds
Number of updated asset objects reloaded before import = 0
Number of asset objects unloaded after import = 3
========================================================================
Received Import Request.
  Time since last request: 0.011883 seconds.
  path: Assets/_Heathen Engineering/Assets/UX/Icons/Flat Icons [Free]/Free Flat Button Blank B Icon.png
  artifactKey: Guid(afcf80015f5ff514fb2494b415eeb6e8) Importer(815301076,1909f56bfc062723c751e8b465ee728b)
Start importing Assets/_Heathen Engineering/Assets/UX/Icons/Flat Icons [Free]/Free Flat Button Blank B Icon.png using Guid(afcf80015f5ff514fb2494b415eeb6e8) Importer(815301076,1909f56bfc062723c751e8b465ee728b)  -> (artifact id: 'b230fc8b5343923ac7c559b1ebfe4586') in 0.022310 seconds
Number of updated asset objects reloaded before import = 0
Number of asset objects unloaded after import = 3
========================================================================
Received Import Request.
  Time since last request: 0.000214 seconds.
  path: Assets/_Heathen Engineering/Assets/UX/Icons/Flat Icons [Free]/Free Flat Button Blank Left 3 Icon.png
  artifactKey: Guid(4f3012bd5d70cd841b352ad5afdb9c3c) Importer(815301076,1909f56bfc062723c751e8b465ee728b)
Start importing Assets/_Heathen Engineering/Assets/UX/Icons/Flat Icons [Free]/Free Flat Button Blank Left 3 Icon.png using Guid(4f3012bd5d70cd841b352ad5afdb9c3c) Importer(815301076,1909f56bfc062723c751e8b465ee728b)  -> (artifact id: 'fb5cad69f4fe71c373eb437515eab671') in 0.017786 seconds
Number of updated asset objects reloaded before import = 0
Number of asset objects unloaded after import = 3
========================================================================
Received Import Request.
  Time since last request: 0.891397 seconds.
  path: Assets/_Heathen Engineering/Assets/UX/Icons/Flat Icons [Free]/Free Flat Button Blank Right Bumper Icon.png
  artifactKey: Guid(b988e45b20744634e8f05906f78dfdb1) Importer(815301076,1909f56bfc062723c751e8b465ee728b)
Start importing Assets/_Heathen Engineering/Assets/UX/Icons/Flat Icons [Free]/Free Flat Button Blank Right Bumper Icon.png using Guid(b988e45b20744634e8f05906f78dfdb1) Importer(815301076,1909f56bfc062723c751e8b465ee728b)  -> (artifact id: 'af110509faba3a3b3411e1fa0071e7f1') in 0.018845 seconds
Number of updated asset objects reloaded before import = 0
Number of asset objects unloaded after import = 3
========================================================================
Received Import Request.
  Time since last request: 0.000015 seconds.
  path: Assets/_Heathen Engineering/Assets/UX/Icons/Flat Icons [Free]/Free Flat Button Solid B Icon.png
  artifactKey: Guid(f4e83e5b560bef7408b322d1703b4d22) Importer(815301076,1909f56bfc062723c751e8b465ee728b)
Start importing Assets/_Heathen Engineering/Assets/UX/Icons/Flat Icons [Free]/Free Flat Button Solid B Icon.png using Guid(f4e83e5b560bef7408b322d1703b4d22) Importer(815301076,1909f56bfc062723c751e8b465ee728b)  -> (artifact id: '7a1d9d66cd9136fdb6a3c5bfd720c13c') in 0.020220 seconds
Number of updated asset objects reloaded before import = 0
Number of asset objects unloaded after import = 3
========================================================================
Received Import Request.
  Time since last request: 0.996830 seconds.
  path: Assets/_Heathen Engineering/Assets/UX/Icons/Flat Icons [Free]/Free Flat Button Solid Left 2 Icon.png
  artifactKey: Guid(340813340169a9f4e9222a2ed4b4ca5b) Importer(815301076,1909f56bfc062723c751e8b465ee728b)
Start importing Assets/_Heathen Engineering/Assets/UX/Icons/Flat Icons [Free]/Free Flat Button Solid Left 2 Icon.png using Guid(340813340169a9f4e9222a2ed4b4ca5b) Importer(815301076,1909f56bfc062723c751e8b465ee728b)  -> (artifact id: '3651ab4f6b0b195f095d616b35d79fc7') in 0.029140 seconds
Number of updated asset objects reloaded before import = 0
Number of asset objects unloaded after import = 3
========================================================================
Received Import Request.
  Time since last request: 0.000015 seconds.
  path: Assets/_Heathen Engineering/Assets/UX/Icons/Flat Icons [Free]/Free Flat Button Solid Right 2 Icon.png
  artifactKey: Guid(33cd37725f2325248af5a05d1ebac12c) Importer(815301076,1909f56bfc062723c751e8b465ee728b)
Start importing Assets/_Heathen Engineering/Assets/UX/Icons/Flat Icons [Free]/Free Flat Button Solid Right 2 Icon.png using Guid(33cd37725f2325248af5a05d1ebac12c) Importer(815301076,1909f56bfc062723c751e8b465ee728b)  -> (artifact id: '70bad949cae1f2f0a400e248afb1c846') in 0.030552 seconds
Number of updated asset objects reloaded before import = 0
Number of asset objects unloaded after import = 3
========================================================================
Received Import Request.
  Time since last request: 0.000039 seconds.
  path: Assets/_Heathen Engineering/Assets/UX/Icons/Flat Icons [Free]/Free Flat Button Solid Right 1 Icon.png
  artifactKey: Guid(c5592df54283ce742af9371403fc8a72) Importer(815301076,1909f56bfc062723c751e8b465ee728b)
Start importing Assets/_Heathen Engineering/Assets/UX/Icons/Flat Icons [Free]/Free Flat Button Solid Right 1 Icon.png using Guid(c5592df54283ce742af9371403fc8a72) Importer(815301076,1909f56bfc062723c751e8b465ee728b)  -> (artifact id: '3d4d40722c1525d5b775dbed34f6b55c') in 0.022709 seconds
Number of updated asset objects reloaded before import = 0
Number of asset objects unloaded after import = 3
========================================================================
Received Import Request.
  Time since last request: 0.586753 seconds.
  path: Assets/_Heathen Engineering/Assets/UX/Icons/Flat Icons [Free]/Free Flat Button Solid Triangle Icon.png
  artifactKey: Guid(03d93f0af71a932438f67fe810db03b9) Importer(815301076,1909f56bfc062723c751e8b465ee728b)
Start importing Assets/_Heathen Engineering/Assets/UX/Icons/Flat Icons [Free]/Free Flat Button Solid Triangle Icon.png using Guid(03d93f0af71a932438f67fe810db03b9) Importer(815301076,1909f56bfc062723c751e8b465ee728b)  -> (artifact id: 'e93aa0386b87f139522c2c694f60ff75') in 0.029478 seconds
Number of updated asset objects reloaded before import = 0
Number of asset objects unloaded after import = 3
========================================================================
Received Import Request.
  Time since last request: 0.000019 seconds.
  path: Assets/_Heathen Engineering/Assets/UX/Icons/Flat Icons [Free]/Free Flat Chat 1 Question Icon.png
  artifactKey: Guid(7e666620d72e96e48b03c1a3bcfe774e) Importer(815301076,1909f56bfc062723c751e8b465ee728b)
Start importing Assets/_Heathen Engineering/Assets/UX/Icons/Flat Icons [Free]/Free Flat Chat 1 Question Icon.png using Guid(7e666620d72e96e48b03c1a3bcfe774e) Importer(815301076,1909f56bfc062723c751e8b465ee728b)  -> (artifact id: '306dfa88da40fdb268c4f77728f2ce51') in 0.025159 seconds
Number of updated asset objects reloaded before import = 0
Number of asset objects unloaded after import = 3
========================================================================
Received Import Request.
  Time since last request: 0.000014 seconds.
  path: Assets/_Heathen Engineering/Assets/UX/Icons/Flat Icons [Free]/Free Flat Chat 3 Blank Icon.png
  artifactKey: Guid(c7986faa57fc5ab478937d4fed66b1bb) Importer(815301076,1909f56bfc062723c751e8b465ee728b)
Start importing Assets/_Heathen Engineering/Assets/UX/Icons/Flat Icons [Free]/Free Flat Chat 3 Blank Icon.png using Guid(c7986faa57fc5ab478937d4fed66b1bb) Importer(815301076,1909f56bfc062723c751e8b465ee728b)  -> (artifact id: 'f622cb18ed489229bbf0ff610804213b') in 0.020790 seconds
Number of updated asset objects reloaded before import = 0
Number of asset objects unloaded after import = 3
========================================================================
Received Import Request.
  Time since last request: 0.000015 seconds.
  path: Assets/_Heathen Engineering/Assets/UX/Icons/Flat Icons [Free]/Free Flat Chat 2 Exclaim Icon.png
  artifactKey: Guid(0f6a6fda1c4ce744095db2dc3335304d) Importer(815301076,1909f56bfc062723c751e8b465ee728b)
Start importing Assets/_Heathen Engineering/Assets/UX/Icons/Flat Icons [Free]/Free Flat Chat 2 Exclaim Icon.png using Guid(0f6a6fda1c4ce744095db2dc3335304d) Importer(815301076,1909f56bfc062723c751e8b465ee728b)  -> (artifact id: '7bd4722980b02fe7d01c539ba3fe6394') in 0.019868 seconds
Number of updated asset objects reloaded before import = 0
Number of asset objects unloaded after import = 3
========================================================================
Received Import Request.
  Time since last request: 0.775604 seconds.
  path: Assets/_Heathen Engineering/Assets/UX/Icons/Flat Icons [Free]/Free Flat Connection 1 Icon.png
  artifactKey: Guid(aa594d32530d2e84fbddfe4be182a215) Importer(815301076,1909f56bfc062723c751e8b465ee728b)
Start importing Assets/_Heathen Engineering/Assets/UX/Icons/Flat Icons [Free]/Free Flat Connection 1 Icon.png using Guid(aa594d32530d2e84fbddfe4be182a215) Importer(815301076,1909f56bfc062723c751e8b465ee728b)  -> (artifact id: 'b834fc31fe76f609ff2998dc0e684d2e') in 0.021736 seconds
Number of updated asset objects reloaded before import = 0
Number of asset objects unloaded after import = 3
========================================================================
Received Import Request.
  Time since last request: 0.000019 seconds.
  path: Assets/_Heathen Engineering/Assets/UX/Icons/Flat Icons [Free]/Free Flat Disk 1 Icon.png
  artifactKey: Guid(8a03f4e4f5e68804cadf129ecd68c56c) Importer(815301076,1909f56bfc062723c751e8b465ee728b)
Start importing Assets/_Heathen Engineering/Assets/UX/Icons/Flat Icons [Free]/Free Flat Disk 1 Icon.png using Guid(8a03f4e4f5e68804cadf129ecd68c56c) Importer(815301076,1909f56bfc062723c751e8b465ee728b)  -> (artifact id: 'a4ce94ab20891692508722189339d39e') in 0.020626 seconds
Number of updated asset objects reloaded before import = 0
Number of asset objects unloaded after import = 3
========================================================================
Received Import Request.
  Time since last request: 1.239860 seconds.
  path: Assets/_Heathen Engineering/Assets/UX/Icons/Flat Icons [Free]/Free Flat Edit Icon.png
  artifactKey: Guid(8cd55c5b366c4574d93e99269b8a01d9) Importer(815301076,1909f56bfc062723c751e8b465ee728b)
Start importing Assets/_Heathen Engineering/Assets/UX/Icons/Flat Icons [Free]/Free Flat Edit Icon.png using Guid(8cd55c5b366c4574d93e99269b8a01d9) Importer(815301076,1909f56bfc062723c751e8b465ee728b)  -> (artifact id: '7c1fbc8c2bb3205e4ea410ab158eda78') in 0.027929 seconds
Number of updated asset objects reloaded before import = 0
Number of asset objects unloaded after import = 3
========================================================================
Received Import Request.
  Time since last request: 0.000015 seconds.
  path: Assets/_Heathen Engineering/Assets/UX/Icons/Flat Icons [Free]/Free Flat Gear 1 Icon.png
  artifactKey: Guid(561ce56b57e34e6499fda3c9e96b3559) Importer(815301076,1909f56bfc062723c751e8b465ee728b)
Start importing Assets/_Heathen Engineering/Assets/UX/Icons/Flat Icons [Free]/Free Flat Gear 1 Icon.png using Guid(561ce56b57e34e6499fda3c9e96b3559) Importer(815301076,1909f56bfc062723c751e8b465ee728b)  -> (artifact id: 'a314b41cffc963a0a451a3a23064476c') in 0.028092 seconds
Number of updated asset objects reloaded before import = 0
Number of asset objects unloaded after import = 3
========================================================================
Received Import Request.
  Time since last request: 0.000018 seconds.
  path: Assets/_Heathen Engineering/Assets/UX/Icons/Flat Icons [Free]/Free Flat Exit Left Icon.png
  artifactKey: Guid(cf03c630256c7dc47afa1a941c9b7968) Importer(815301076,1909f56bfc062723c751e8b465ee728b)
Start importing Assets/_Heathen Engineering/Assets/UX/Icons/Flat Icons [Free]/Free Flat Exit Left Icon.png using Guid(cf03c630256c7dc47afa1a941c9b7968) Importer(815301076,1909f56bfc062723c751e8b465ee728b)  -> (artifact id: '8af816e104db8bafa2b2f38f2df98327') in 0.018588 seconds
Number of updated asset objects reloaded before import = 0
Number of asset objects unloaded after import = 3
========================================================================
Received Import Request.
  Time since last request: 0.000017 seconds.
  path: Assets/_Heathen Engineering/Assets/UX/Icons/Flat Icons [Free]/Free Flat Gradient Circle (Bottom) Icon.png
  artifactKey: Guid(12c3cc74bc3f4a74f8bf4f294f797d54) Importer(815301076,1909f56bfc062723c751e8b465ee728b)
Start importing Assets/_Heathen Engineering/Assets/UX/Icons/Flat Icons [Free]/Free Flat Gradient Circle (Bottom) Icon.png using Guid(12c3cc74bc3f4a74f8bf4f294f797d54) Importer(815301076,1909f56bfc062723c751e8b465ee728b)  -> (artifact id: '9ffae5439e7f3f8f6fa3c7ceb7a72652') in 0.027990 seconds
Number of updated asset objects reloaded before import = 0
Number of asset objects unloaded after import = 3
========================================================================
Received Import Request.
  Time since last request: 0.000027 seconds.
  path: Assets/_Heathen Engineering/Assets/UX/Icons/Flat Icons [Free]/Free Flat Gradient Vertical (Bottom) Icon.png
  artifactKey: Guid(840b035a02edc9f49b5fb9f99beeaf75) Importer(815301076,1909f56bfc062723c751e8b465ee728b)
Start importing Assets/_Heathen Engineering/Assets/UX/Icons/Flat Icons [Free]/Free Flat Gradient Vertical (Bottom) Icon.png using Guid(840b035a02edc9f49b5fb9f99beeaf75) Importer(815301076,1909f56bfc062723c751e8b465ee728b)  -> (artifact id: '1e225df5aae1cd4aae9b4c94f4237ea5') in 0.027913 seconds
Number of updated asset objects reloaded before import = 0
Number of asset objects unloaded after import = 3
========================================================================
Received Import Request.
  Time since last request: 1.052082 seconds.
  path: Assets/_Heathen Engineering/Assets/UX/Icons/Flat Icons [Free]/Free Flat Hat Solid EW Icon.png
  artifactKey: Guid(5e15ac1f91a3248428bfeb5aacfea078) Importer(815301076,1909f56bfc062723c751e8b465ee728b)
Start importing Assets/_Heathen Engineering/Assets/UX/Icons/Flat Icons [Free]/Free Flat Hat Solid EW Icon.png using Guid(5e15ac1f91a3248428bfeb5aacfea078) Importer(815301076,1909f56bfc062723c751e8b465ee728b)  -> (artifact id: '9a41a7fa2f18ff32b60c92ce6604903a') in 0.026653 seconds
Number of updated asset objects reloaded before import = 0
Number of asset objects unloaded after import = 3
========================================================================
Received Import Request.
  Time since last request: 0.000015 seconds.
  path: Assets/_Heathen Engineering/Assets/UX/Icons/Flat Icons [Free]/Free Flat Hat Solid NWS Icon.png
  artifactKey: Guid(ec2abcf014cb2754f93cdbbff9ec34c3) Importer(815301076,1909f56bfc062723c751e8b465ee728b)
Start importing Assets/_Heathen Engineering/Assets/UX/Icons/Flat Icons [Free]/Free Flat Hat Solid NWS Icon.png using Guid(ec2abcf014cb2754f93cdbbff9ec34c3) Importer(815301076,1909f56bfc062723c751e8b465ee728b)  -> (artifact id: '34e2bf9bfbe12d07efb74ecc5e599858') in 0.028628 seconds
Number of updated asset objects reloaded before import = 0
Number of asset objects unloaded after import = 3
========================================================================
Received Import Request.
  Time since last request: 0.000016 seconds.
  path: Assets/_Heathen Engineering/Assets/UX/Icons/Flat Icons [Free]/Free Flat Hat Split NES Icon.png
  artifactKey: Guid(c13c42142e883da49b83522d06caeb61) Importer(815301076,1909f56bfc062723c751e8b465ee728b)
Start importing Assets/_Heathen Engineering/Assets/UX/Icons/Flat Icons [Free]/Free Flat Hat Split NES Icon.png using Guid(c13c42142e883da49b83522d06caeb61) Importer(815301076,1909f56bfc062723c751e8b465ee728b)  -> (artifact id: 'c4e8e79905a37cef1bcc53a74c427b96') in 0.023780 seconds
Number of updated asset objects reloaded before import = 0
Number of asset objects unloaded after import = 3
========================================================================
Received Import Request.
  Time since last request: 0.000020 seconds.
  path: Assets/_Heathen Engineering/Assets/UX/Icons/Flat Icons [Free]/Free Flat Hat Split EW Icon.png
  artifactKey: Guid(d1cf728dc5f8f1146bbdb20b1d77e043) Importer(815301076,1909f56bfc062723c751e8b465ee728b)
Start importing Assets/_Heathen Engineering/Assets/UX/Icons/Flat Icons [Free]/Free Flat Hat Split EW Icon.png using Guid(d1cf728dc5f8f1146bbdb20b1d77e043) Importer(815301076,1909f56bfc062723c751e8b465ee728b)  -> (artifact id: '404861c42ce2548c979bcbbd26e2dcd4') in 0.028532 seconds
Number of updated asset objects reloaded before import = 0
Number of asset objects unloaded after import = 3
========================================================================
Received Import Request.
  Time since last request: 0.460462 seconds.
  path: Assets/_Heathen Engineering/Assets/UX/Icons/Flat Icons [Free]/Free Flat Hat Split S Icon.png
  artifactKey: Guid(0574ad204ce85db469a066c20d0f377e) Importer(815301076,1909f56bfc062723c751e8b465ee728b)
Start importing Assets/_Heathen Engineering/Assets/UX/Icons/Flat Icons [Free]/Free Flat Hat Split S Icon.png using Guid(0574ad204ce85db469a066c20d0f377e) Importer(815301076,1909f56bfc062723c751e8b465ee728b)  -> (artifact id: '83fc03445cb4a048d08c41c220abb368') in 0.024304 seconds
Number of updated asset objects reloaded before import = 0
Number of asset objects unloaded after import = 3
========================================================================
Received Import Request.
  Time since last request: 0.000022 seconds.
  path: Assets/_Heathen Engineering/Assets/UX/Icons/Flat Icons [Free]/Free Flat Heart Empty Icon.png
  artifactKey: Guid(2b128a5e4d59a054e9193a83052697e3) Importer(815301076,1909f56bfc062723c751e8b465ee728b)
Start importing Assets/_Heathen Engineering/Assets/UX/Icons/Flat Icons [Free]/Free Flat Heart Empty Icon.png using Guid(2b128a5e4d59a054e9193a83052697e3) Importer(815301076,1909f56bfc062723c751e8b465ee728b)  -> (artifact id: 'a31d3f17502829bb5f54cb0cb79c8d32') in 0.022593 seconds
Number of updated asset objects reloaded before import = 0
Number of asset objects unloaded after import = 3
========================================================================
Received Import Request.
  Time since last request: 0.044850 seconds.
  path: Assets/_Heathen Engineering/Assets/UX/Icons/Flat Icons [Free]/Free Flat Magnify Minus Icon.png
  artifactKey: Guid(729052d35d545f2459aa6859cdcac322) Importer(815301076,1909f56bfc062723c751e8b465ee728b)
Start importing Assets/_Heathen Engineering/Assets/UX/Icons/Flat Icons [Free]/Free Flat Magnify Minus Icon.png using Guid(729052d35d545f2459aa6859cdcac322) Importer(815301076,1909f56bfc062723c751e8b465ee728b)  -> (artifact id: '27f6f68d4baf0a407c912fadffcb9a5c') in 0.026630 seconds
Number of updated asset objects reloaded before import = 0
Number of asset objects unloaded after import = 3
========================================================================
Received Import Request.
  Time since last request: 0.000016 seconds.
  path: Assets/_Heathen Engineering/Assets/UX/Icons/Flat Icons [Free]/Free Flat Media Right Full Icon.png
  artifactKey: Guid(ddf6af97ee5fb574a9f23107f5fda6de) Importer(815301076,1909f56bfc062723c751e8b465ee728b)
Start importing Assets/_Heathen Engineering/Assets/UX/Icons/Flat Icons [Free]/Free Flat Media Right Full Icon.png using Guid(ddf6af97ee5fb574a9f23107f5fda6de) Importer(815301076,1909f56bfc062723c751e8b465ee728b)  -> (artifact id: '07a6e9fdea8f80d9cd84ad9cd288de33') in 0.021906 seconds
Number of updated asset objects reloaded before import = 0
Number of asset objects unloaded after import = 3
========================================================================
Received Import Request.
  Time since last request: 0.000075 seconds.
  path: Assets/_Heathen Engineering/Assets/UX/Icons/Flat Icons [Free]/Free Flat Media Right Icon.png
  artifactKey: Guid(6523bf926843dbb4e979cedb7370c43e) Importer(815301076,1909f56bfc062723c751e8b465ee728b)
Start importing Assets/_Heathen Engineering/Assets/UX/Icons/Flat Icons [Free]/Free Flat Media Right Icon.png using Guid(6523bf926843dbb4e979cedb7370c43e) Importer(815301076,1909f56bfc062723c751e8b465ee728b)  -> (artifact id: '7850b0ea21211757b585a4d80b67007d') in 0.017624 seconds
Number of updated asset objects reloaded before import = 0
Number of asset objects unloaded after import = 3
========================================================================
Received Import Request.
  Time since last request: 0.491292 seconds.
  path: Assets/_Heathen Engineering/Assets/UX/Icons/Flat Icons [Free]/Free Flat Menu 3 Icon.png
  artifactKey: Guid(80e352140f72c1a46925fdcd2fc5fb28) Importer(815301076,1909f56bfc062723c751e8b465ee728b)
Start importing Assets/_Heathen Engineering/Assets/UX/Icons/Flat Icons [Free]/Free Flat Menu 3 Icon.png using Guid(80e352140f72c1a46925fdcd2fc5fb28) Importer(815301076,1909f56bfc062723c751e8b465ee728b)  -> (artifact id: '9f6fddf236a4df3977278f68002cab6a') in 0.019475 seconds
Number of updated asset objects reloaded before import = 0
Number of asset objects unloaded after import = 3
========================================================================
Received Import Request.
  Time since last request: 0.000013 seconds.
  path: Assets/_Heathen Engineering/Assets/UX/Icons/Flat Icons [Free]/Free Flat Menu 11 Icon.png
  artifactKey: Guid(cefa2b23d10c33e4182f330dffd33b92) Importer(815301076,1909f56bfc062723c751e8b465ee728b)
Start importing Assets/_Heathen Engineering/Assets/UX/Icons/Flat Icons [Free]/Free Flat Menu 11 Icon.png using Guid(cefa2b23d10c33e4182f330dffd33b92) Importer(815301076,1909f56bfc062723c751e8b465ee728b)  -> (artifact id: 'b5243aee08631db62d9d423cac166477') in 0.021236 seconds
Number of updated asset objects reloaded before import = 0
Number of asset objects unloaded after import = 3
========================================================================
Received Import Request.
  Time since last request: 0.813481 seconds.
  path: Assets/_Heathen Engineering/Assets/UX/Icons/Flat Icons [Free]/Free Flat Mic No Crossless Icon.png
  artifactKey: Guid(17a49a70c2f55784b88d0fb593781488) Importer(815301076,1909f56bfc062723c751e8b465ee728b)
Start importing Assets/_Heathen Engineering/Assets/UX/Icons/Flat Icons [Free]/Free Flat Mic No Crossless Icon.png using Guid(17a49a70c2f55784b88d0fb593781488) Importer(815301076,1909f56bfc062723c751e8b465ee728b)  -> (artifact id: '4910da4bcbce905198a0f6117773e25d') in 0.016946 seconds
Number of updated asset objects reloaded before import = 0
Number of asset objects unloaded after import = 3
========================================================================
Received Import Request.
  Time since last request: 0.000014 seconds.
  path: Assets/_Heathen Engineering/Assets/UX/Icons/Flat Icons [Free]/Free Flat Mic Off Dashless Icon.png
  artifactKey: Guid(50fea1eac0ada9a46b84161f5c9db6cd) Importer(815301076,1909f56bfc062723c751e8b465ee728b)
Start importing Assets/_Heathen Engineering/Assets/UX/Icons/Flat Icons [Free]/Free Flat Mic Off Dashless Icon.png using Guid(50fea1eac0ada9a46b84161f5c9db6cd) Importer(815301076,1909f56bfc062723c751e8b465ee728b)  -> (artifact id: 'acc97cf71c64da45130054bb3d9b54c5') in 0.016344 seconds
Number of updated asset objects reloaded before import = 0
Number of asset objects unloaded after import = 3
========================================================================
Received Import Request.
  Time since last request: 0.825447 seconds.
  path: Assets/_Heathen Engineering/Assets/UX/Icons/Flat Icons [Free]/Free Flat Music No Icon.png
  artifactKey: Guid(a631e872ceb8c434ead7ead22b772b24) Importer(815301076,1909f56bfc062723c751e8b465ee728b)
Start importing Assets/_Heathen Engineering/Assets/UX/Icons/Flat Icons [Free]/Free Flat Music No Icon.png using Guid(a631e872ceb8c434ead7ead22b772b24) Importer(815301076,1909f56bfc062723c751e8b465ee728b)  -> (artifact id: '6780216d8380d31914d22110f5d25293') in 0.025013 seconds
Number of updated asset objects reloaded before import = 0
Number of asset objects unloaded after import = 3
========================================================================
Received Import Request.
  Time since last request: 0.000017 seconds.
  path: Assets/_Heathen Engineering/Assets/UX/Icons/Flat Icons [Free]/Free Flat Pen Icon.png
  artifactKey: Guid(705f0467455c3f0479897da07daeb0be) Importer(815301076,1909f56bfc062723c751e8b465ee728b)
Start importing Assets/_Heathen Engineering/Assets/UX/Icons/Flat Icons [Free]/Free Flat Pen Icon.png using Guid(705f0467455c3f0479897da07daeb0be) Importer(815301076,1909f56bfc062723c751e8b465ee728b)  -> (artifact id: 'b5cd33aedede88387a918f049d4b9c9a') in 0.016931 seconds
Number of updated asset objects reloaded before import = 0
Number of asset objects unloaded after import = 3
========================================================================
Received Import Request.
  Time since last request: 0.000012 seconds.
  path: Assets/_Heathen Engineering/Assets/UX/Icons/Flat Icons [Free]/Free Flat People 1 Icon.png
  artifactKey: Guid(e779ad32171e85f49bbebec977f04411) Importer(815301076,1909f56bfc062723c751e8b465ee728b)
Start importing Assets/_Heathen Engineering/Assets/UX/Icons/Flat Icons [Free]/Free Flat People 1 Icon.png using Guid(e779ad32171e85f49bbebec977f04411) Importer(815301076,1909f56bfc062723c751e8b465ee728b)  -> (artifact id: '5b1464038055778a4552638a05e1540b') in 0.021423 seconds
Number of updated asset objects reloaded before import = 0
Number of asset objects unloaded after import = 3
========================================================================
Received Import Request.
  Time since last request: 0.010563 seconds.
  path: Assets/_Heathen Engineering/Assets/UX/Icons/Flat Icons [Free]/Free Flat Signal Up 3 Icon.png
  artifactKey: Guid(df6b34c8b502f7e48a79565096a23132) Importer(815301076,1909f56bfc062723c751e8b465ee728b)
Start importing Assets/_Heathen Engineering/Assets/UX/Icons/Flat Icons [Free]/Free Flat Signal Up 3 Icon.png using Guid(df6b34c8b502f7e48a79565096a23132) Importer(815301076,1909f56bfc062723c751e8b465ee728b)  -> (artifact id: '4f0bd3391737f391ef98ba126c289760') in 0.032871 seconds
Number of updated asset objects reloaded before import = 0
Number of asset objects unloaded after import = 3
========================================================================
Received Import Request.
  Time since last request: 0.000014 seconds.
  path: Assets/_Heathen Engineering/Assets/UX/Icons/Flat Icons [Free]/Free Flat Thumbs Down Icon.png
  artifactKey: Guid(44f10997f36483b40926d06c92414351) Importer(815301076,1909f56bfc062723c751e8b465ee728b)
Start importing Assets/_Heathen Engineering/Assets/UX/Icons/Flat Icons [Free]/Free Flat Thumbs Down Icon.png using Guid(44f10997f36483b40926d06c92414351) Importer(815301076,1909f56bfc062723c751e8b465ee728b)  -> (artifact id: '5e4dff460bc7b370e959189c88d69615') in 0.025198 seconds
Number of updated asset objects reloaded before import = 0
Number of asset objects unloaded after import = 3
========================================================================
Received Import Request.
  Time since last request: 0.809774 seconds.
  path: Assets/_Heathen Engineering/Assets/UX/Icons/Flat Icons [Free]/Free Flat Toggle Right Icon.png
  artifactKey: Guid(1023dc51a47ee2646b092add613fd71f) Importer(815301076,1909f56bfc062723c751e8b465ee728b)
Start importing Assets/_Heathen Engineering/Assets/UX/Icons/Flat Icons [Free]/Free Flat Toggle Right Icon.png using Guid(1023dc51a47ee2646b092add613fd71f) Importer(815301076,1909f56bfc062723c751e8b465ee728b)  -> (artifact id: '5bb3b782aa8f83cb890d49d57b5b448a') in 0.022771 seconds
Number of updated asset objects reloaded before import = 0
Number of asset objects unloaded after import = 3
========================================================================
Received Import Request.
  Time since last request: 0.000022 seconds.
  path: Assets/_Heathen Engineering/Assets/UX/Icons/Flat Icons [Free]/Free Flat Toggle Thumb Left Icon.png
  artifactKey: Guid(98d066211bdac204cb692c7ac53e012d) Importer(815301076,1909f56bfc062723c751e8b465ee728b)
Start importing Assets/_Heathen Engineering/Assets/UX/Icons/Flat Icons [Free]/Free Flat Toggle Thumb Left Icon.png using Guid(98d066211bdac204cb692c7ac53e012d) Importer(815301076,1909f56bfc062723c751e8b465ee728b)  -> (artifact id: '3b1c8805a2680f4730baf8c571a42068') in 0.022017 seconds
Number of updated asset objects reloaded before import = 0
Number of asset objects unloaded after import = 3
========================================================================
Received Import Request.
  Time since last request: 0.896587 seconds.
  path: Assets/_Heathen Engineering/Assets/UX/Icons/Flat Icons [Free]/Free Flat Volume 5 Icon.png
  artifactKey: Guid(052913ff636054540b70d52173eccf89) Importer(815301076,1909f56bfc062723c751e8b465ee728b)
Start importing Assets/_Heathen Engineering/Assets/UX/Icons/Flat Icons [Free]/Free Flat Volume 5 Icon.png using Guid(052913ff636054540b70d52173eccf89) Importer(815301076,1909f56bfc062723c751e8b465ee728b)  -> (artifact id: 'c4374a8edec228ae2078ce8f6672890b') in 0.018260 seconds
Number of updated asset objects reloaded before import = 0
Number of asset objects unloaded after import = 3
========================================================================
Received Import Request.
  Time since last request: 28.353285 seconds.
  path: Assets/Assets MOOD WARE/_MW Skybox/MAPS/17.front.tif
  artifactKey: Guid(0a1c5ddfa4d49394cb4b11a3baede5e4) Importer(815301076,1909f56bfc062723c751e8b465ee728b)
Start importing Assets/Assets MOOD WARE/_MW Skybox/MAPS/17.front.tif using Guid(0a1c5ddfa4d49394cb4b11a3baede5e4) Importer(815301076,1909f56bfc062723c751e8b465ee728b)  -> (artifact id: '07404b345f7b2cd76ae4256c5e8d376a') in 0.024224 seconds
Number of updated asset objects reloaded before import = 0
Number of asset objects unloaded after import = 2
========================================================================
Received Import Request.
  Time since last request: 0.000027 seconds.
  path: Assets/Assets MOOD WARE/_MW Skybox/MAPS/21_Pnorama.tif
  artifactKey: Guid(fb7742ca29fca7448bad72e2edea8fde) Importer(815301076,1909f56bfc062723c751e8b465ee728b)
Start importing Assets/Assets MOOD WARE/_MW Skybox/MAPS/21_Pnorama.tif using Guid(fb7742ca29fca7448bad72e2edea8fde) Importer(815301076,1909f56bfc062723c751e8b465ee728b)  -> (artifact id: '3b4eaa89436d71160a4fcdfec2ca7bc9') in 0.067038 seconds
Number of updated asset objects reloaded before import = 0
Number of asset objects unloaded after import = 2
========================================================================
Received Import Request.
  Time since last request: 0.000031 seconds.
  path: Assets/Assets MOOD WARE/_MW Skybox/MAPS/17_FM.left.tif
  artifactKey: Guid(c0399645ec0621846a75956e42534211) Importer(815301076,1909f56bfc062723c751e8b465ee728b)
Start importing Assets/Assets MOOD WARE/_MW Skybox/MAPS/17_FM.left.tif using Guid(c0399645ec0621846a75956e42534211) Importer(815301076,1909f56bfc062723c751e8b465ee728b)  -> (artifact id: '1fc3260c55a92cdf59ba05455c407dcb') in 0.019860 seconds
Number of updated asset objects reloaded before import = 0
Number of asset objects unloaded after import = 2
========================================================================
Received Import Request.
  Time since last request: 0.000573 seconds.
  path: Assets/Assets MOOD WARE/_MW Skybox/MAPS/20.back.tif
  artifactKey: Guid(65dd5724779c52b4d95a0479a4e60f81) Importer(815301076,1909f56bfc062723c751e8b465ee728b)
Start importing Assets/Assets MOOD WARE/_MW Skybox/MAPS/20.back.tif using Guid(65dd5724779c52b4d95a0479a4e60f81) Importer(815301076,1909f56bfc062723c751e8b465ee728b)  -> (artifact id: '4d6c386dfcceebfd87b7596323ad9cc4') in 0.017601 seconds
Number of updated asset objects reloaded before import = 0
Number of asset objects unloaded after import = 2
========================================================================
Received Import Request.
  Time since last request: 0.000019 seconds.
  path: Assets/Assets MOOD WARE/_MW Skybox/MAPS/17_FM.back.tif
  artifactKey: Guid(5912294b6ac10854283a78433b210821) Importer(815301076,1909f56bfc062723c751e8b465ee728b)
Start importing Assets/Assets MOOD WARE/_MW Skybox/MAPS/17_FM.back.tif using Guid(5912294b6ac10854283a78433b210821) Importer(815301076,1909f56bfc062723c751e8b465ee728b)  -> (artifact id: '980947e6c569b91cba522eb30773a8c4') in 0.021151 seconds
Number of updated asset objects reloaded before import = 0
Number of asset objects unloaded after import = 2
========================================================================
Received Prepare
Begin MonoManager ReloadAssembly
- Loaded All Assemblies, in  0.516 seconds
Refreshing native plugins compatible for Editor in 3.60 ms, found 3 plugins.
Native extension for WindowsStandalone target not found
Native extension for Android target not found
Native extension for WebGL target not found
[Package Manager] Server::EnsureServerProcessIsRunning -- launch failed, reason: Unity was launched with the -noUpm command-line argument
[Package Manager] UpmClient::Send -- Unable to send message (not connected to UPM process).
[Package Manager] Cannot connect to Unity Package Manager local server
Mono: successfully reloaded assembly
- Finished resetting the current domain, in  0.975 seconds
Domain Reload Profiling: 1490ms
	BeginReloadAssembly (148ms)
		ExecutionOrderSort (0ms)
		DisableScriptedObjects (6ms)
		BackupInstance (0ms)
		ReleaseScriptingObjects (0ms)
		CreateAndSetChildDomain (34ms)
	RebuildCommonClasses (28ms)
	RebuildNativeTypeToScriptingClass (10ms)
	initialDomainReloadingComplete (28ms)
	LoadAllAssembliesAndSetupDomain (301ms)
		LoadAssemblies (302ms)
		RebuildTransferFunctionScriptingTraits (0ms)
		AnalyzeDomain (77ms)
			TypeCache.Refresh (62ms)
				TypeCache.ScanAssembly (49ms)
			ScanForSourceGeneratedMonoScriptInfo (10ms)
			ResolveRequiredComponents (3ms)
	FinalizeReload (975ms)
		ReleaseScriptCaches (0ms)
		RebuildScriptCaches (0ms)
		SetupLoadedEditorAssemblies (298ms)
			LogAssemblyErrors (0ms)
			InitializePlatformSupportModulesInManaged (18ms)
			SetLoadedEditorAssemblies (4ms)
			RefreshPlugins (0ms)
			BeforeProcessingInitializeOnLoad (48ms)
			ProcessInitializeOnLoadAttributes (207ms)
			ProcessInitializeOnLoadMethodAttributes (15ms)
			AfterProcessingInitializeOnLoad (4ms)
			EditorAssembliesLoaded (0ms)
		ExecutionOrderSort2 (0ms)
		AwakeInstancesAfterBackupRestoration (5ms)
Refreshing native plugins compatible for Editor in 2.65 ms, found 3 plugins.
Preloading 0 native plugins for Editor in 0.00 ms.
Unloading 3141 Unused Serialized files (Serialized files now loaded: 0)
Unloading 25 unused Assets / (30.7 KB). Loaded Objects now: 3655.
Memory consumption went from 121.8 MB to 121.8 MB.
Total: 3.078800 ms (FindLiveObjects: 0.287500 ms CreateObjectMapping: 0.095500 ms MarkObjects: 2.640500 ms  DeleteObjects: 0.054000 ms)

Prepare: number of updated asset objects reloaded= 0
AssetImportParameters requested are different than current active one (requested -> active):
  custom:container-demuxer-ogg: 62fdf1f143b41e24485cea50d1cbac27 -> 
  custom:video-decoder-ogg-theora: a1e56fd34408186e4bbccfd4996cb3dc -> 
  custom:framework-win-MediaFoundation: 216162199b28c13a410421893ffa2e32 -> 
  custom:CustomObjectIndexerAttribute: 756ad292c208cfabdd7b50bc23989ffe -> 
  custom:container-demuxer-webm: 4f35f7cbe854078d1ac9338744f61a02 -> 
  custom:container-muxer-webm: aa71ff27fc2769a1b78a27578f13a17b -> 
  custom:video-decoder-webm-vp8: 9c59270c3fd7afecdb556c50c9e8de78 -> 
  custom:SearchIndexIgnoredProperties: e643bd26f0fe6173181afceb89e7c659 -> 
  custom:AudioImporter_EditorPlatform: d09bf68614088b80899f8185d706f6e7 -> 
  custom:video-encoder-webm-vp8: eb34c28f22e8b96e1ab97ce403110664 -> 
  custom:audio-decoder-ogg-vorbis: bf7c407c2cedff20999df2af8eb42d56 -> 
  custom:audio-encoder-webm-vorbis: bf7c407c2cedff20999df2af8eb42d56 -> 
Editor requested this worker to shutdown with reason: Scaling down because of idle timeout
TcpMessagingSession - receive error: operation aborted. errorcode: 995, details: The I/O operation has been aborted because of either a thread exit or an application request.
AssetImportWorker is now disconnected from the server
Process exiting
Exiting without the bug reporter. Application will terminate with return code 0